{
  "stats": {
    "suites": 1,
    "tests": 1,
    "passes": 0,
    "pending": 0,
    "failures": 1,
    "start": "2025-02-03T15:56:00.620Z",
    "end": "2025-02-03T15:56:01.019Z",
    "duration": 399,
    "testsRegistered": 1,
    "passPercent": 0,
    "pendingPercent": 0,
    "other": 0,
    "hasOther": false,
    "skipped": 0,
    "hasSkipped": false
  },
  "results": [
    {
      "uuid": "9cfe204c-3866-4c75-b09b-00ad9570842f",
      "title": "",
      "fullFile": "cypress/e2e/1-getting-started/todo.cy.js",
      "file": "cypress/e2e/1-getting-started/todo.cy.js",
      "beforeHooks": [],
      "afterHooks": [],
      "tests": [],
      "suites": [
        {
          "uuid": "74bf6860-3f44-42f6-b0d8-d5667148b4fe",
          "title": "example to-do app",
          "fullFile": "",
          "file": "",
          "beforeHooks": [],
          "afterHooks": [],
          "tests": [
            {
              "title": "displays two todo items by default",
              "fullTitle": "example to-do app displays two todo items by default",
              "timedOut": null,
              "duration": 383,
              "state": "failed",
              "speed": null,
              "pass": false,
              "fail": true,
              "pending": false,
              "context": null,
              "code": "cy.visit(\"google.com\");",
              "err": {
                "message": "CypressError: `cy.visit()` failed trying to load:\n\ngoogle.com\n\nWe failed looking for this file at the path:\n\n/home/sobuj/Sabuj/Wsd Assessment/Assessment_4/google.com\n\nThe internal Cypress web server responded with:\n\n  > 404: Not Found",
                "estack": "CypressError: `cy.visit()` failed trying to load:\n\ngoogle.com\n\nWe failed looking for this file at the path:\n\n/home/sobuj/Sabuj/Wsd Assessment/Assessment_4/google.com\n\nThe internal Cypress web server responded with:\n\n  > 404: Not Found\n    at <unknown> (http://localhost:41681/__cypress/runner/cypress_runner.js:131374:76)\n    at visitFailedByErr (http://localhost:41681/__cypress/runner/cypress_runner.js:130780:12)\n    at <unknown> (http://localhost:41681/__cypress/runner/cypress_runner.js:131357:13)\n    at tryCatcher (http://localhost:41681/__cypress/runner/cypress_runner.js:1777:23)\n    at Promise._settlePromiseFromHandler (http://localhost:41681/__cypress/runner/cypress_runner.js:1489:31)\n    at Promise._settlePromise (http://localhost:41681/__cypress/runner/cypress_runner.js:1546:18)\n    at Promise._settlePromise0 (http://localhost:41681/__cypress/runner/cypress_runner.js:1591:10)\n    at Promise._settlePromises (http://localhost:41681/__cypress/runner/cypress_runner.js:1667:18)\n    at _drainQueueStep (http://localhost:41681/__cypress/runner/cypress_runner.js:2377:12)\n    at _drainQueue (http://localhost:41681/__cypress/runner/cypress_runner.js:2370:9)\n    at Async._drainQueues (http://localhost:41681/__cypress/runner/cypress_runner.js:2386:5)\n    at Async.drainQueues (http://localhost:41681/__cypress/runner/cypress_runner.js:2256:14)\nFrom Your Spec Code:\n    at Context.eval (webpack://assessment_4/./cypress/e2e/1-getting-started/todo.cy.js:5:7)",
                "diff": null
              },
              "uuid": "04713ede-1c6e-4c91-a74b-6f60b60b0491",
              "parentUUID": "74bf6860-3f44-42f6-b0d8-d5667148b4fe",
              "isHook": false,
              "skipped": false
            }
          ],
          "suites": [],
          "passes": [],
          "failures": [
            "04713ede-1c6e-4c91-a74b-6f60b60b0491"
          ],
          "pending": [],
          "skipped": [],
          "duration": 383,
          "root": false,
          "rootEmpty": false,
          "_timeout": 2000
        }
      ],
      "passes": [],
      "failures": [],
      "pending": [],
      "skipped": [],
      "duration": 0,
      "root": true,
      "rootEmpty": true,
      "_timeout": 2000
    }
  ],
  "meta": {
    "mocha": {
      "version": "7.0.1"
    },
    "mochawesome": {
      "options": {
        "quiet": false,
        "reportFilename": "mochawesome",
        "saveHtml": true,
        "saveJson": true,
        "consoleReporter": "spec",
        "useInlineDiffs": false,
        "code": true
      },
      "version": "7.1.3"
    },
    "marge": {
      "options": {
        "charts": true,
        "reportPageTitle": "Assessment-4-test-report",
        "embeddedScreenshots": true,
        "inlineAssets": true,
        "saveAllAttempts": false,
        "html": true,
        "overwrite": true,
        "json": true
      },
      "version": "6.2.0"
    }
  }
}